<?xml version="1.0" encoding="UTF-8"?>
<testng-results skipped="0" failed="2" ignored="0" total="2" passed="0">
  <reporter-output>
  </reporter-output>
  <suite name="Suite1" duration-ms="144051" started-at="2019-11-11T01:14:49 CET" finished-at="2019-11-11T01:17:13 CET">
    <groups>
    </groups>
    <test name="exampletest1" duration-ms="144051" started-at="2019-11-11T01:14:49 CET" finished-at="2019-11-11T01:17:13 CET">
      <class name="DispacitoExtraction.Dispacito2">
        <test-method status="PASS" signature="initiateData()[pri:0, instance:DispacitoExtraction.Dispacito2@1efed156]" name="initiateData" is-config="true" duration-ms="57" started-at="2019-11-11T01:14:49 CET" finished-at="2019-11-11T01:14:49 CET">
          <reporter-output>
          </reporter-output>
        </test-method> <!-- initiateData -->
        <test-method status="PASS" signature="testSetup(java.lang.String)[pri:0, instance:DispacitoExtraction.Dispacito2@1efed156]" name="testSetup" is-config="true" duration-ms="32438" started-at="2019-11-11T01:14:49 CET" finished-at="2019-11-11T01:15:22 CET">
          <params>
            <param index="0">
              <value>
                <![CDATA[chrome]]>
              </value>
            </param>
          </params>
          <reporter-output>
          </reporter-output>
        </test-method> <!-- testSetup -->
        <test-method status="PASS" signature="openBrowser()[pri:0, instance:DispacitoExtraction.Dispacito2@1efed156]" name="openBrowser" is-config="true" duration-ms="1" started-at="2019-11-11T01:15:39 CET" finished-at="2019-11-11T01:15:39 CET">
          <reporter-output>
          </reporter-output>
        </test-method> <!-- openBrowser -->
        <test-method status="FAIL" signature="getDataForDispacito(java.lang.String, java.lang.String, java.lang.String, java.lang.String, java.lang.String, java.lang.String, int)[pri:0, instance:DispacitoExtraction.Dispacito2@1efed156]" name="getDataForDispacito" duration-ms="69610" started-at="2019-11-11T01:15:39 CET" data-provider="dataProduct" finished-at="2019-11-11T01:16:48 CET">
          <params>
            <param index="0">
              <value>
                <![CDATA[link-rainbow-Jacket]]>
              </value>
            </param>
            <param index="1">
              <value>
                <![CDATA[https://fr.aliexpress.com/item/33047047383.html?spm=a2g0o.tm30694.7842154440.3.7b93f1THf1THaA&scm=1007.25281.142777.0&scm_id=1007.25281.142777.0&scm-url=1007.25281.142777.0&pvid=56e862a2-6e3f-47bc-bed2-7892bd7bb734]]>
              </value>
            </param>
            <param index="2">
              <value>
                <![CDATA[€ 12,50 - 13,32]]>
              </value>
            </param>
            <param index="3">
              <value>
                <![CDATA[€ 12,50 - 13,32]]>
              </value>
            </param>
            <param index="4">
              <value>
                <![CDATA[85408.0]]>
              </value>
            </param>
            <param index="5">
              <value>
                <![CDATA[85408 unités disponibles ]]>
              </value>
            </param>
            <param index="6">
              <value>
                <![CDATA[1]]>
              </value>
            </param>
          </params>
          <exception class="java.lang.AssertionError">
            <message>
              <![CDATA[the price changed expected [€ 12,50 - 13,32] but found [€ 21,40 - 22,80]]]>
            </message>
            <full-stacktrace>
              <![CDATA[java.lang.AssertionError: the price changed expected [€ 12,50 - 13,32] but found [€ 21,40 - 22,80]
at org.testng.Assert.fail(Assert.java:97)
at org.testng.Assert.assertEqualsImpl(Assert.java:136)
at org.testng.Assert.assertEquals(Assert.java:118)
at org.testng.Assert.assertEquals(Assert.java:575)
at DispacitoExtraction.Dispacito2.getDataForDispacito(Dispacito2.java:75)
at sun.reflect.NativeMethodAccessorImpl.invoke0(Native Method)
at sun.reflect.NativeMethodAccessorImpl.invoke(Unknown Source)
at sun.reflect.DelegatingMethodAccessorImpl.invoke(Unknown Source)
at java.lang.reflect.Method.invoke(Unknown Source)
at org.testng.internal.MethodInvocationHelper.invokeMethod(MethodInvocationHelper.java:133)
at org.testng.internal.TestInvoker.invokeMethod(TestInvoker.java:584)
at org.testng.internal.TestInvoker.invokeTestMethod(TestInvoker.java:172)
at org.testng.internal.MethodRunner.runInSequence(MethodRunner.java:46)
at org.testng.internal.TestInvoker$MethodInvocationAgent.invoke(TestInvoker.java:804)
at org.testng.internal.TestInvoker.invokeTestMethods(TestInvoker.java:145)
at org.testng.internal.TestMethodWorker.invokeTestMethods(TestMethodWorker.java:146)
at org.testng.internal.TestMethodWorker.run(TestMethodWorker.java:128)
at java.util.ArrayList.forEach(Unknown Source)
at org.testng.TestRunner.privateRun(TestRunner.java:770)
at org.testng.TestRunner.run(TestRunner.java:591)
at org.testng.SuiteRunner.runTest(SuiteRunner.java:402)
at org.testng.SuiteRunner.runSequentially(SuiteRunner.java:396)
at org.testng.SuiteRunner.privateRun(SuiteRunner.java:355)
at org.testng.SuiteRunner.run(SuiteRunner.java:304)
at org.testng.SuiteRunnerWorker.runSuite(SuiteRunnerWorker.java:53)
at org.testng.SuiteRunnerWorker.run(SuiteRunnerWorker.java:96)
at org.testng.TestNG.runSuitesSequentially(TestNG.java:1180)
at org.testng.TestNG.runSuitesLocally(TestNG.java:1102)
at org.testng.TestNG.runSuites(TestNG.java:1032)
at org.testng.TestNG.run(TestNG.java:1000)
at org.testng.remote.AbstractRemoteTestNG.run(AbstractRemoteTestNG.java:115)
at org.testng.remote.RemoteTestNG.initAndRun(RemoteTestNG.java:251)
at org.testng.remote.RemoteTestNG.main(RemoteTestNG.java:77)
]]>
            </full-stacktrace>
          </exception> <!-- java.lang.AssertionError -->
          <reporter-output>
          </reporter-output>
        </test-method> <!-- getDataForDispacito -->
        <test-method status="PASS" signature="postSignUp()[pri:0, instance:DispacitoExtraction.Dispacito2@1efed156]" name="postSignUp" is-config="true" duration-ms="2" started-at="2019-11-11T01:16:48 CET" finished-at="2019-11-11T01:16:48 CET">
          <reporter-output>
          </reporter-output>
        </test-method> <!-- postSignUp -->
        <test-method status="PASS" signature="openBrowser()[pri:0, instance:DispacitoExtraction.Dispacito2@1efed156]" name="openBrowser" is-config="true" duration-ms="0" started-at="2019-11-11T01:16:48 CET" finished-at="2019-11-11T01:16:48 CET">
          <reporter-output>
          </reporter-output>
        </test-method> <!-- openBrowser -->
        <test-method status="FAIL" signature="getDataForDispacito(java.lang.String, java.lang.String, java.lang.String, java.lang.String, java.lang.String, java.lang.String, int)[pri:0, instance:DispacitoExtraction.Dispacito2@1efed156]" name="getDataForDispacito" duration-ms="14799" started-at="2019-11-11T01:16:48 CET" data-provider="dataProduct" finished-at="2019-11-11T01:17:03 CET">
          <params>
            <param index="0">
              <value>
                <![CDATA[link-unicorn-tshirt]]>
              </value>
            </param>
            <param index="1">
              <value>
                <![CDATA[https://fr.aliexpress.com/item/33020247521.html?spm=a2g0o.detail.1000013.11.19db54ddvjwfaj&gps-id=pcDetailBottomMoreThisSeller&scm=1007.13339.146401.0&scm_id=1007.13339.146401.0&scm-url=1007.13339.146401.0&pvid=f753990e-4392-4a56-90f0-d31f7b7064ea]]>
              </value>
            </param>
            <param index="2">
              <value>
                <![CDATA[3.0]]>
              </value>
            </param>
            <param index="3">
              <value>
                <![CDATA[€ 3,17 - 4,31]]>
              </value>
            </param>
            <param index="4">
              <value>
                <![CDATA[492.0]]>
              </value>
            </param>
            <param index="5">
              <value>
                <![CDATA[1967 unités disponibles ]]>
              </value>
            </param>
            <param index="6">
              <value>
                <![CDATA[2]]>
              </value>
            </param>
          </params>
          <exception class="java.lang.AssertionError">
            <message>
              <![CDATA[the price changed expected [3.0] but found [€ 3,37 - 4,59]]]>
            </message>
            <full-stacktrace>
              <![CDATA[java.lang.AssertionError: the price changed expected [3.0] but found [€ 3,37 - 4,59]
at org.testng.Assert.fail(Assert.java:97)
at org.testng.Assert.assertEqualsImpl(Assert.java:136)
at org.testng.Assert.assertEquals(Assert.java:118)
at org.testng.Assert.assertEquals(Assert.java:575)
at DispacitoExtraction.Dispacito2.getDataForDispacito(Dispacito2.java:75)
at sun.reflect.NativeMethodAccessorImpl.invoke0(Native Method)
at sun.reflect.NativeMethodAccessorImpl.invoke(Unknown Source)
at sun.reflect.DelegatingMethodAccessorImpl.invoke(Unknown Source)
at java.lang.reflect.Method.invoke(Unknown Source)
at org.testng.internal.MethodInvocationHelper.invokeMethod(MethodInvocationHelper.java:133)
at org.testng.internal.TestInvoker.invokeMethod(TestInvoker.java:584)
at org.testng.internal.TestInvoker.invokeTestMethod(TestInvoker.java:172)
at org.testng.internal.MethodRunner.runInSequence(MethodRunner.java:46)
at org.testng.internal.TestInvoker$MethodInvocationAgent.invoke(TestInvoker.java:804)
at org.testng.internal.TestInvoker.invokeTestMethods(TestInvoker.java:145)
at org.testng.internal.TestMethodWorker.invokeTestMethods(TestMethodWorker.java:146)
at org.testng.internal.TestMethodWorker.run(TestMethodWorker.java:128)
at java.util.ArrayList.forEach(Unknown Source)
at org.testng.TestRunner.privateRun(TestRunner.java:770)
at org.testng.TestRunner.run(TestRunner.java:591)
at org.testng.SuiteRunner.runTest(SuiteRunner.java:402)
at org.testng.SuiteRunner.runSequentially(SuiteRunner.java:396)
at org.testng.SuiteRunner.privateRun(SuiteRunner.java:355)
at org.testng.SuiteRunner.run(SuiteRunner.java:304)
at org.testng.SuiteRunnerWorker.runSuite(SuiteRunnerWorker.java:53)
at org.testng.SuiteRunnerWorker.run(SuiteRunnerWorker.java:96)
at org.testng.TestNG.runSuitesSequentially(TestNG.java:1180)
at org.testng.TestNG.runSuitesLocally(TestNG.java:1102)
at org.testng.TestNG.runSuites(TestNG.java:1032)
at org.testng.TestNG.run(TestNG.java:1000)
at org.testng.remote.AbstractRemoteTestNG.run(AbstractRemoteTestNG.java:115)
at org.testng.remote.RemoteTestNG.initAndRun(RemoteTestNG.java:251)
at org.testng.remote.RemoteTestNG.main(RemoteTestNG.java:77)
]]>
            </full-stacktrace>
          </exception> <!-- java.lang.AssertionError -->
          <reporter-output>
          </reporter-output>
        </test-method> <!-- getDataForDispacito -->
        <test-method status="PASS" signature="postSignUp()[pri:0, instance:DispacitoExtraction.Dispacito2@1efed156]" name="postSignUp" is-config="true" duration-ms="1" started-at="2019-11-11T01:17:03 CET" finished-at="2019-11-11T01:17:03 CET">
          <reporter-output>
          </reporter-output>
        </test-method> <!-- postSignUp -->
        <test-method status="PASS" signature="afterClass()[pri:0, instance:DispacitoExtraction.Dispacito2@1efed156]" name="afterClass" is-config="true" duration-ms="1119" started-at="2019-11-11T01:17:03 CET" finished-at="2019-11-11T01:17:05 CET">
          <reporter-output>
          </reporter-output>
        </test-method> <!-- afterClass -->
        <test-method status="PASS" signature="closeExcel()[pri:0, instance:DispacitoExtraction.Dispacito2@1efed156]" name="closeExcel" is-config="true" duration-ms="8694" started-at="2019-11-11T01:17:05 CET" finished-at="2019-11-11T01:17:13 CET">
          <reporter-output>
          </reporter-output>
        </test-method> <!-- closeExcel -->
      </class> <!-- DispacitoExtraction.Dispacito2 -->
    </test> <!-- exampletest1 -->
  </suite> <!-- Suite1 -->
</testng-results>
