<?xml version="1.0" encoding="UTF-8"?>
<!-- Generated by org.testng.reporters.JUnitXMLReporter -->
<testsuite hostname="LFR025169" name="Default test" tests="2" failures="0" timestamp="31 Oct 2019 13:59:28 GMT" time="0.991" errors="0">
  <testcase name="@BeforeClass testSetup" time="0.0" classname="DispacitoExtraction.Dispacito2">
    <failure type="org.testng.TestNGException" message="
Parameter &amp;apos;browser&amp;apos; is required by @Configuration on method testSetup but has not been marked @Optional or defined
in C:\Users\ezrari\AppData\Local\Temp\testng-eclipse-1373526770\testng-customsuite.xml">
      <![CDATA[org.testng.TestNGException: 
Parameter 'browser' is required by @Configuration on method testSetup but has not been marked @Optional or defined
in C:\Users\ezrari\AppData\Local\Temp\testng-eclipse-1373526770\testng-customsuite.xml
	at org.testng.internal.Parameters.createParameters(Parameters.java:154)
	at org.testng.internal.Parameters.createParameters(Parameters.java:361)
	at org.testng.internal.Parameters.createConfigurationParameters(Parameters.java:84)
	at org.testng.internal.Invoker.invokeConfigurations(Invoker.java:201)
	at org.testng.internal.Invoker.invokeConfigurations(Invoker.java:142)
	at org.testng.internal.TestMethodWorker.invokeBeforeClassMethods(TestMethodWorker.java:178)
	at org.testng.internal.TestMethodWorker.run(TestMethodWorker.java:108)
	at org.testng.TestRunner.privateRun(TestRunner.java:782)
	at org.testng.TestRunner.run(TestRunner.java:632)
	at org.testng.SuiteRunner.runTest(SuiteRunner.java:366)
	at org.testng.SuiteRunner.runSequentially(SuiteRunner.java:361)
	at org.testng.SuiteRunner.privateRun(SuiteRunner.java:319)
	at org.testng.SuiteRunner.run(SuiteRunner.java:268)
	at org.testng.SuiteRunnerWorker.runSuite(SuiteRunnerWorker.java:52)
	at org.testng.SuiteRunnerWorker.run(SuiteRunnerWorker.java:86)
	at org.testng.TestNG.runSuitesSequentially(TestNG.java:1244)
	at org.testng.TestNG.runSuitesLocally(TestNG.java:1169)
	at org.testng.TestNG.run(TestNG.java:1064)
	at org.testng.remote.AbstractRemoteTestNG.run(AbstractRemoteTestNG.java:114)
	at org.testng.remote.RemoteTestNG.initAndRun(RemoteTestNG.java:251)
	at org.testng.remote.RemoteTestNG.main(RemoteTestNG.java:77)
]]>
    </failure>
  </testcase> <!-- @BeforeClass testSetup -->
  <testcase name="@BeforeMethod openBrowser" time="0.0" classname="DispacitoExtraction.Dispacito2">
    <skipped/>
  </testcase> <!-- @BeforeMethod openBrowser -->
  <testcase name="@AfterMethod postSignUp" time="0.0" classname="DispacitoExtraction.Dispacito2">
    <skipped/>
  </testcase> <!-- @AfterMethod postSignUp -->
  <testcase name="@BeforeMethod openBrowser" time="0.0" classname="DispacitoExtraction.Dispacito2">
    <skipped/>
  </testcase> <!-- @BeforeMethod openBrowser -->
  <testcase name="@AfterMethod postSignUp" time="0.0" classname="DispacitoExtraction.Dispacito2">
    <skipped/>
  </testcase> <!-- @AfterMethod postSignUp -->
  <testcase name="@AfterClass afterClass" time="0.0" classname="DispacitoExtraction.Dispacito2">
    <skipped/>
  </testcase> <!-- @AfterClass afterClass -->
  <testcase name="@AfterTest closeExcel" time="0.0" classname="DispacitoExtraction.Dispacito2">
    <skipped/>
  </testcase> <!-- @AfterTest closeExcel -->
  <testcase name="getDataForDispacito" time="0.005" classname="DispacitoExtraction.Dispacito2">
    <skipped/>
  </testcase> <!-- getDataForDispacito -->
  <testcase name="getDataForDispacito" time="0.009" classname="DispacitoExtraction.Dispacito2">
    <skipped/>
  </testcase> <!-- getDataForDispacito -->
</testsuite> <!-- Default test -->
